#
# There is insufficient memory for the Java Runtime Environment to continue.
# Native memory allocation (mmap) failed to map 65536 bytes for Failed to commit metaspace.
# Possible reasons:
#   The system is out of physical RAM or swap space
#   The process is running with CompressedOops enabled, and the Java Heap may be blocking the growth of the native heap
# Possible solutions:
#   Reduce memory load on the system
#   Increase physical memory or swap space
#   Check if swap backing store is full
#   Decrease Java heap size (-Xmx/-Xms)
#   Decrease number of Java threads
#   Decrease Java thread stack sizes (-Xss)
#   Set larger code cache with -XX:ReservedCodeCacheSize=
#   JVM is running with Zero Based Compressed Oops mode in which the Java heap is
#     placed in the first 32GB address space. The Java Heap base address is the
#     maximum limit for the native heap growth. Please use -XX:HeapBaseMinAddress
#     to set the Java Heap base and to place the Java Heap above 32GB virtual address.
# This output file may be truncated or incomplete.
#
#  Out of Memory Error (virtualSpaceNode.cpp:112), pid=55800, tid=52204
#
# JRE version: OpenJDK Runtime Environment (21.0.2+13) (build 21.0.2+13-58)
# Java VM: OpenJDK 64-Bit Server VM (21.0.2+13-58, mixed mode, emulated-client, sharing, tiered, compressed oops, compressed class ptrs, g1 gc, windows-amd64)
# No core dump will be written. Minidumps are not enabled by default on client versions of Windows
#

---------------  S U M M A R Y ------------

Command Line: -XX:TieredStopAtLevel=1 -Dspring.output.ansi.enabled=always -Dcom.sun.management.jmxremote -Dspring.jmx.enabled=true -Dspring.liveBeansView.mbeanDomain -Dspring.application.admin.enabled=true -Dmanagement.endpoints.jmx.exposure.include=* -javaagent:C:\Users\Sebastian\IntelliJ IDEA 2023.3.3\lib\idea_rt.jar=62571:C:\Users\Sebastian\IntelliJ IDEA 2023.3.3\bin -Dfile.encoding=UTF-8 -Dsun.stdout.encoding=UTF-8 -Dsun.stderr.encoding=UTF-8 com.obligatorioPenca.obligatorioPenca.ObligatorioPencaApplication

Host: 11th Gen Intel(R) Core(TM) i5-1135G7 @ 2.40GHz, 8 cores, 15G,  Windows 10 , 64 bit Build 19041 (10.0.19041.3636)
Time: Mon Jun 17 19:42:51 2024 Hora estándar de Montevideo elapsed time: 1.196949 seconds (0d 0h 0m 1s)

---------------  T H R E A D  ---------------

Current thread (0x000001dfe10d3de0):  JavaThread "RMI TCP Connection(1)-10.4.101.9" daemon [_thread_in_vm, id=52204, stack(0x00000006efb00000,0x00000006efc00000) (1024K)]

Stack: [0x00000006efb00000,0x00000006efc00000]
Native frames: (J=compiled Java code, j=interpreted, Vv=VM code, C=native code)
V  [jvm.dll+0x6cade9]
V  [jvm.dll+0x8569c1]
V  [jvm.dll+0x858d2e]
V  [jvm.dll+0x859413]
V  [jvm.dll+0x280e56]
V  [jvm.dll+0x8526ee]
V  [jvm.dll+0x66e705]
V  [jvm.dll+0x66e76a]
V  [jvm.dll+0x670f96]
V  [jvm.dll+0x670e62]
V  [jvm.dll+0x66f0de]
V  [jvm.dll+0x680079]
V  [jvm.dll+0x67951e]
V  [jvm.dll+0x3d4471]
C  0x000001df8fcdb779

The last pc belongs to method entry point (kind = zerolocals) (printed below).
Java frames: (J=compiled Java code, j=interpreted, Vv=VM code)
j  sun.nio.ch.SocketOptionRegistry.findOption(Ljava/net/SocketOption;Ljava/net/ProtocolFamily;)Lsun/nio/ch/OptionKey;+0 java.base@21.0.2
j  sun.nio.ch.Net.setSocketOption(Ljava/io/FileDescriptor;Ljava/net/ProtocolFamily;Ljava/net/SocketOption;Ljava/lang/Object;)V+240 java.base@21.0.2
j  sun.nio.ch.Net.setSocketOption(Ljava/io/FileDescriptor;Ljava/net/SocketOption;Ljava/lang/Object;)V+6 java.base@21.0.2
j  sun.nio.ch.NioSocketImpl.setOption(ILjava/lang/Object;)V+243 java.base@21.0.2
j  java.net.Socket.setTcpNoDelay(Z)V+26 java.base@21.0.2
j  sun.rmi.transport.tcp.TCPTransport$ConnectionHandler.run0()V+25 java.rmi@21.0.2
j  sun.rmi.transport.tcp.TCPTransport$ConnectionHandler.lambda$run$0()Ljava/lang/Void;+1 java.rmi@21.0.2
j  sun.rmi.transport.tcp.TCPTransport$ConnectionHandler$$Lambda+0x000001df9c0b1388.run()Ljava/lang/Object;+4 java.rmi@21.0.2
J 1186 c1 java.security.AccessController.executePrivileged(Ljava/security/PrivilegedAction;Ljava/security/AccessControlContext;Ljava/lang/Class;)Ljava/lang/Object; java.base@21.0.2 (65 bytes) @ 0x000001df900e511c [0x000001df900e50c0+0x000000000000005c]
j  java.security.AccessController.doPrivileged(Ljava/security/PrivilegedAction;Ljava/security/AccessControlContext;)Ljava/lang/Object;+13 java.base@21.0.2
j  sun.rmi.transport.tcp.TCPTransport$ConnectionHandler.run()V+37 java.rmi@21.0.2
j  java.util.concurrent.ThreadPoolExecutor.runWorker(Ljava/util/concurrent/ThreadPoolExecutor$Worker;)V+92 java.base@21.0.2
j  java.util.concurrent.ThreadPoolExecutor$Worker.run()V+5 java.base@21.0.2
j  java.lang.Thread.runWith(Ljava/lang/Object;Ljava/lang/Runnable;)V+5 java.base@21.0.2
j  java.lang.Thread.run()V+19 java.base@21.0.2
v  ~StubRoutines::call_stub 0x000001df8fcd10e7
method entry point (kind = zerolocals)  [0x000001df8fcdb660, 0x000001df8fcdb950]  752 bytes
[MachCode]
  0x000001df8fcdb660: 488b 5308 | 0fb7 4a2e | 0fb7 522c | 2bd1 81fa | f501 0000 | 0f86 2500 | 0000 488b | c248 c1e0 
  0x000001df8fcdb680: 0348 83c0 | 5849 0387 | d004 0000 | 483b e00f | 870a 0000 | 0058 498b | e550 e9e1 | afff ff58 
  0x000001df8fcdb6a0: 4c8d 74cc | f885 d20f | 8e09 0000 | 0068 0000 | 0000 ffca | 7ff7 5055 | 488b ec41 | 5568 0000 
  0x000001df8fcdb6c0: 0000 4c8b | 6b08 4d8d | 6d38 5348 | 8b53 0848 | 8b52 0848 | 8b52 1848 | 8b52 7048 | 8b12 5268 
  0x000001df8fcdb6e0: 0000 0000 | 488b 5308 | 488b 5208 | 488b 5210 | 5249 8bc6 | 482b c548 | c1e8 0350 | 4155 6800 
  0x000001df8fcdb700: 0000 0048 | 8924 2441 | c687 7904 | 0000 0148 | 8b43 1848 | 85c0 0f85 | b000 0000 | e805 0000 
  0x000001df8fcdb720: 00e9 9900 | 0000 488b | d348 8d44 | 2408 4c89 | 6dc0 498b | cfc5 f877 | 4989 afa8 | 0300 0049 
  0x000001df8fcdb740: 8987 9803 | 0000 4883 | ec20 40f6 | c40f 0f84 | 1900 0000 | 4883 ec08 | 48b8 5044 | e514 fa7f 
  0x000001df8fcdb760: 0000 ffd0 | 4883 c408 | e90c 0000 | 0048 b850 | 44e5 14fa | 7f00 00ff | d048 83c4 | 2049 c787 
  0x000001df8fcdb780: 9803 0000 | 0000 0000 | 49c7 87a8 | 0300 0000 | 0000 0049 | c787 a003 | 0000 0000 | 0000 c5f8 
  0x000001df8fcdb7a0: 7749 837f | 0800 0f84 | 0500 0000 | e94f 57ff | ff4c 8b6d | c04c 8b75 | c84e 8d74 | f500 c348 
  0x000001df8fcdb7c0: 8b43 1848 | 85c0 0f84 | 1200 0000 | 8b48 0883 | c102 8948 | 0823 481c | 0f84 c200 | 0000 493b 
  0x000001df8fcdb7e0: a7e8 0400 | 000f 8748 | 0000 0089 | 8424 00f0 | ffff 8984 | 2400 e0ff | ff89 8424 | 00d0 ffff 
  0x000001df8fcdb800: 8984 2400 | c0ff ff89 | 8424 00b0 | ffff 8984 | 2400 a0ff | ff89 8424 | 0090 ffff | 8984 2400 
  0x000001df8fcdb820: 80ff ff49 | 3ba7 e004 | 0000 7607 | 4989 a7e8 | 0400 0041 | c687 7904 | 0000 0049 | baf9 456a 
  0x000001df8fcdb840: 15fa 7f00 | 0041 803a | 000f 843e | 0000 0048 | 8b55 e849 | 8bcf 4883 | ec20 40f6 | c40f 0f84 
  0x000001df8fcdb860: 1900 0000 | 4883 ec08 | 48b8 4009 | 1b15 fa7f | 0000 ffd0 | 4883 c408 | e90c 0000 | 0048 b840 
  0x000001df8fcdb880: 091b 15fa | 7f00 00ff | d048 83c4 | 2041 0fb6 | 5d00 49ba | 000f 6d15 | fa7f 0000 | 41ff 24da 
  0x000001df8fcdb8a0: ba00 0000 | 00e8 0500 | 0000 e996 | 0000 0048 | 8d44 2408 | 4c89 6dc0 | 498b cfc5 | f877 4989 
  0x000001df8fcdb8c0: afa8 0300 | 0049 8987 | 9803 0000 | 4883 ec20 | 40f6 c40f | 0f84 1900 | 0000 4883 | ec08 48b8 
  0x000001df8fcdb8e0: d04e e514 | fa7f 0000 | ffd0 4883 | c408 e90c | 0000 0048 | b8d0 4ee5 | 14fa 7f00 | 00ff d048 
  0x000001df8fcdb900: 83c4 2049 | c787 9803 | 0000 0000 | 0000 49c7 | 87a8 0300 | 0000 0000 | 0049 c787 | a003 0000 
  0x000001df8fcdb920: 0000 0000 | c5f8 7749 | 837f 0800 | 0f84 0500 | 0000 e9c9 | 55ff ff4c | 8b6d c04c | 8b75 c84e 
  0x000001df8fcdb940: 8d74 f500 | c348 8b5d | e8e9 90fe | ffff 6690 
[/MachCode]

Compiled method (c1)    1221 1186       1       java.security.AccessController::executePrivileged (65 bytes)
 total in heap  [0x000001df900e4f10,0x000001df900e5248] = 824
 relocation     [0x000001df900e5070,0x000001df900e50b8] = 72
 main code      [0x000001df900e50c0,0x000001df900e5178] = 184
 stub code      [0x000001df900e5178,0x000001df900e51d0] = 88
 metadata       [0x000001df900e51d0,0x000001df900e51d8] = 8
 scopes data    [0x000001df900e51d8,0x000001df900e5200] = 40
 scopes pcs     [0x000001df900e5200,0x000001df900e5240] = 64
 dependencies   [0x000001df900e5240,0x000001df900e5248] = 8

[Constant Pool (empty)]

[MachCode]
[Verified Entry Point]
  # {method} {0x000001df9b477440} 'executePrivileged' '(Ljava/security/PrivilegedAction;Ljava/security/AccessControlContext;Ljava/lang/Class;)Ljava/lang/Object;' in 'java/security/AccessController'
  # parm0:    rdx:rdx   = 'java/security/PrivilegedAction'
  # parm1:    r8:r8     = 'java/security/AccessControlContext'
  # parm2:    r9:r9     = 'java/lang/Class'
  #           [sp+0x50]  (sp of caller)
  0x000001df900e50c0: 8984 2400 | 80ff ff55 | 4883 ec40 | 4181 7f20 | 0100 0000 

  0x000001df900e50d4: ;   {runtime_call StubRoutines (final stubs)}
  0x000001df900e50d4: 7405 e825 | 11c2 ff4c | 8944 2430 | 4c89 4c24 | 284d 85c0 | 0f84 1b00 | 0000 4889 | 5424 2049 
  0x000001df900e50f4: ;   {static_call}
  0x000001df900e50f4: 8bd0 90e8 

  0x000001df900e50f8: ; ImmutableOopMap {[32]=Oop [40]=Oop [48]=Oop }
                      ;*invokestatic ensureMaterializedForStackWalk {reexecute=0 rethrow=0 return_oop=0}
                      ; - java.security.AccessController::executePrivileged@5 (line 774)
  0x000001df900e50f8: 9000 0000 

  0x000001df900e50fc: ;   {other}
  0x000001df900e50fc: 0f1f 8400 | ec01 0000 | 488b 5424 | 200f 1f40 | 0048 b820 | 268b e0df 

  0x000001df900e5114: ;   {virtual_call}
  0x000001df900e5114: 0100 00e8 

  0x000001df900e5118: ; ImmutableOopMap {[40]=Oop [48]=Oop }
                      ;*invokeinterface run {reexecute=0 rethrow=0 return_oop=0}
                      ; - java.security.AccessController::executePrivileged@29 (line 778)
  0x000001df900e5118: f4c0 d0ff 

  0x000001df900e511c: ;   {other}
  0x000001df900e511c: 0f1f 8400 | 0c02 0001 | 4883 c440 

  0x000001df900e5128: ;   {poll_return}
  0x000001df900e5128: 5d49 3ba7 | 5004 0000 | 0f87 0100 

  0x000001df900e5134: ;   {internal_word}
  0x000001df900e5134: 0000 c349 | ba29 510e | 90df 0100 | 004d 8997 | 6804 0000 

  0x000001df900e5148: ;   {runtime_call SafepointBlob}
  0x000001df900e5148: e933 1ac4 | ff49 8b87 | 0005 0000 | 49c7 8700 | 0500 0000 | 0000 0049 | c787 0805 | 0000 0000 
  0x000001df900e5168: 0000 4883 

  0x000001df900e516c: ;   {runtime_call unwind_exception Runtime1 stub}
  0x000001df900e516c: c440 5de9 | 8cad cfff | f4f4 f4f4 
[Stub Code]
  0x000001df900e5178: ;   {no_reloc}
  0x000001df900e5178: 0f1f 4400 

  0x000001df900e517c: ;   {static_stub}
  0x000001df900e517c: 0048 bb00 | 0000 0000 

  0x000001df900e5184: ;   {runtime_call}
  0x000001df900e5184: 0000 00e9 | fbff ffff 

  0x000001df900e518c: ;   {static_stub}
  0x000001df900e518c: 48bb 6072 | 479b df01 

  0x000001df900e5194: ;   {runtime_call I2C/C2I adapters}
  0x000001df900e5194: 0000 e9e8 

  0x000001df900e5198: ;   {runtime_call handle_exception_from_callee Runtime1 stub}
  0x000001df900e5198: ecc3 ffe8 | e011 d0ff 

  0x000001df900e51a0: ;   {external_word}
  0x000001df900e51a0: 48b9 e047 | 4215 fa7f | 0000 4883 

  0x000001df900e51ac: ;   {runtime_call}
  0x000001df900e51ac: e4f0 48b8 | 4024 0a15 | fa7f 0000 

  0x000001df900e51b8: ;   {section_word}
  0x000001df900e51b8: ffd0 f449 | babb 510e | 90df 0100 

  0x000001df900e51c4: ;   {runtime_call DeoptimizationBlob}
  0x000001df900e51c4: 0041 52e9 | 542e c4ff | f4f4 f4f4 
[/MachCode]


---------------  P R O C E S S  ---------------

Threads class SMR info:
_java_thread_list=0x000001dfe10d44d0, length=17, elements={
0x000001df86075510, 0x000001df9ae86970, 0x000001df9ae879a0, 0x000001df9ae8b410,
0x000001df9ae8cf60, 0x000001df9ae8de60, 0x000001df9ae959a0, 0x000001df9aec6e00,
0x000001dfe00e6290, 0x000001dfe00eb1a0, 0x000001dfe05e8400, 0x000001dfe05e8a70,
0x000001dfe06ad690, 0x000001dfe07b29c0, 0x000001dfe0b6e0a0, 0x000001dfe0ba1610,
0x000001dfe10d3de0
}

Java Threads: ( => current thread )
  0x000001df86075510 JavaThread "main"                              [_thread_blocked, id=20800, stack(0x00000006ede00000,0x00000006edf00000) (1024K)]
  0x000001df9ae86970 JavaThread "Reference Handler"          daemon [_thread_blocked, id=48704, stack(0x00000006ee600000,0x00000006ee700000) (1024K)]
  0x000001df9ae879a0 JavaThread "Finalizer"                  daemon [_thread_blocked, id=51636, stack(0x00000006ee700000,0x00000006ee800000) (1024K)]
  0x000001df9ae8b410 JavaThread "Signal Dispatcher"          daemon [_thread_blocked, id=47696, stack(0x00000006ee800000,0x00000006ee900000) (1024K)]
  0x000001df9ae8cf60 JavaThread "Attach Listener"            daemon [_thread_blocked, id=51868, stack(0x00000006ee900000,0x00000006eea00000) (1024K)]
  0x000001df9ae8de60 JavaThread "Service Thread"             daemon [_thread_blocked, id=38844, stack(0x00000006eea00000,0x00000006eeb00000) (1024K)]
  0x000001df9ae959a0 JavaThread "Monitor Deflation Thread"   daemon [_thread_blocked, id=45520, stack(0x00000006eeb00000,0x00000006eec00000) (1024K)]
  0x000001df9aec6e00 JavaThread "C1 CompilerThread0"         daemon [_thread_blocked, id=45612, stack(0x00000006eec00000,0x00000006eed00000) (1024K)]
  0x000001dfe00e6290 JavaThread "Common-Cleaner"             daemon [_thread_blocked, id=45764, stack(0x00000006eed00000,0x00000006eee00000) (1024K)]
  0x000001dfe00eb1a0 JavaThread "C1 CompilerThread1"         daemon [_thread_blocked, id=45812, stack(0x00000006eee00000,0x00000006eef00000) (1024K)]
  0x000001dfe05e8400 JavaThread "Monitor Ctrl-Break"         daemon [_thread_in_native, id=45804, stack(0x00000006eef00000,0x00000006ef000000) (1024K)]
  0x000001dfe05e8a70 JavaThread "Notification Thread"        daemon [_thread_blocked, id=45816, stack(0x00000006ef000000,0x00000006ef100000) (1024K)]
  0x000001dfe06ad690 JavaThread "C1 CompilerThread2"         daemon [_thread_blocked, id=51544, stack(0x00000006ef100000,0x00000006ef200000) (1024K)]
  0x000001dfe07b29c0 JavaThread "RMI TCP Accept-0"           daemon [_thread_in_native, id=47880, stack(0x00000006ef200000,0x00000006ef300000) (1024K)]
  0x000001dfe0b6e0a0 JavaThread "Thread-0"                          [_thread_blocked, id=48700, stack(0x00000006ef900000,0x00000006efa00000) (1024K)]
  0x000001dfe0ba1610 JavaThread "restartedMain"                     [_thread_in_vm, id=41208, stack(0x00000006efa00000,0x00000006efb00000) (1024K)]
=>0x000001dfe10d3de0 JavaThread "RMI TCP Connection(1)-10.4.101.9" daemon [_thread_in_vm, id=52204, stack(0x00000006efb00000,0x00000006efc00000) (1024K)]
Total: 17

Other Threads:
  0x000001df9ae62750 VMThread "VM Thread"                           [id=51624, stack(0x00000006ee500000,0x00000006ee600000) (1024K)]
  0x000001df9ae50d30 WatcherThread "VM Periodic Task Thread"        [id=42060, stack(0x00000006ee400000,0x00000006ee500000) (1024K)]
  0x000001df860d9a60 WorkerThread "GC Thread#0"                     [id=51808, stack(0x00000006edf00000,0x00000006ee000000) (1024K)]
  0x000001dfe08ce9b0 WorkerThread "GC Thread#1"                     [id=50592, stack(0x00000006ef300000,0x00000006ef400000) (1024K)]
  0x000001dfe08ced50 WorkerThread "GC Thread#2"                     [id=48024, stack(0x00000006ef400000,0x00000006ef500000) (1024K)]
  0x000001dfe08eacb0 WorkerThread "GC Thread#3"                     [id=45016, stack(0x00000006ef500000,0x00000006ef600000) (1024K)]
  0x000001dfe0904900 WorkerThread "GC Thread#4"                     [id=47160, stack(0x00000006ef600000,0x00000006ef700000) (1024K)]
  0x000001dfe0909740 WorkerThread "GC Thread#5"                     [id=50780, stack(0x00000006ef700000,0x00000006ef800000) (1024K)]
  0x000001dfe092a4f0 WorkerThread "GC Thread#6"                     [id=54720, stack(0x00000006ef800000,0x00000006ef900000) (1024K)]
  0x000001df860ea740 ConcurrentGCThread "G1 Main Marker"            [id=51568, stack(0x00000006ee000000,0x00000006ee100000) (1024K)]
  0x000001df860ec1f0 WorkerThread "G1 Conc#0"                       [id=51216, stack(0x00000006ee100000,0x00000006ee200000) (1024K)]
  0x000001df9ad1f160 ConcurrentGCThread "G1 Refine#0"               [id=54644, stack(0x00000006ee200000,0x00000006ee300000) (1024K)]
  0x000001df9ad21800 ConcurrentGCThread "G1 Service"                [id=52056, stack(0x00000006ee300000,0x00000006ee400000) (1024K)]
Total: 13

Threads with active compile tasks:
Total: 0

VM state: not at safepoint (normal execution)

VM Mutex/Monitor currently owned by a thread:  ([mutex/lock_event])
[0x00007ffa156bace8] Metaspace_lock - owner thread: 0x000001dfe10d3de0

Heap address: 0x0000000705800000, size: 4008 MB, Compressed Oops mode: Zero based, Oop shift amount: 3

CDS archive(s) mapped at: [0x000001df9b000000-0x000001df9bc90000-0x000001df9bc90000), size 13172736, SharedBaseAddress: 0x000001df9b000000, ArchiveRelocationMode: 1.
Compressed class space mapped at: 0x000001df9c000000-0x000001dfdc000000, reserved size: 1073741824
Narrow klass base: 0x000001df9b000000, Narrow klass shift: 0, Narrow klass range: 0x100000000

GC Precious Log:
 CardTable entry size: 512
 Card Set container configuration: InlinePtr #cards 4 size 8 Array Of Cards #cards 16 size 48 Howl #buckets 8 coarsen threshold 3686 Howl Bitmap #cards 512 size 80 coarsen threshold 460 Card regions per heap region 1 cards per card region 4096
 CPUs: 8 total, 8 available
 Memory: 16026M
 Large Page Support: Disabled
 NUMA Support: Disabled
 Compressed Oops: Enabled (Zero based)
 Heap Region Size: 2M
 Heap Min Capacity: 8M
 Heap Initial Capacity: 252M
 Heap Max Capacity: 4008M
 Pre-touch: Disabled
 Parallel Workers: 8
 Concurrent Workers: 2
 Concurrent Refinement Workers: 8
 Periodic GC: Disabled

Heap:
 garbage-first heap   total 258048K, used 15315K [0x0000000705800000, 0x0000000800000000)
  region size 2048K, 8 young (16384K), 2 survivors (4096K)
 Metaspace       used 8324K, committed 8576K, reserved 1114112K
  class space    used 1023K, committed 1152K, reserved 1048576K

Heap Regions: E=young(eden), S=young(survivor), O=old, HS=humongous(starts), HC=humongous(continues), CS=collection set, F=free, TAMS=top-at-mark-start, PB=parsable bottom
|   0|0x0000000705800000, 0x0000000705a00000, 0x0000000705a00000|100%| O|  |TAMS 0x0000000705800000| PB 0x0000000705800000| Untracked 
|   1|0x0000000705a00000, 0x0000000705af4df0, 0x0000000705c00000| 47%| O|  |TAMS 0x0000000705a00000| PB 0x0000000705a00000| Untracked 
|   2|0x0000000705c00000, 0x0000000705c00000, 0x0000000705e00000|  0%| F|  |TAMS 0x0000000705c00000| PB 0x0000000705c00000| Untracked 
|   3|0x0000000705e00000, 0x0000000705e00000, 0x0000000706000000|  0%| F|  |TAMS 0x0000000705e00000| PB 0x0000000705e00000| Untracked 
|   4|0x0000000706000000, 0x0000000706000000, 0x0000000706200000|  0%| F|  |TAMS 0x0000000706000000| PB 0x0000000706000000| Untracked 
|   5|0x0000000706200000, 0x0000000706200000, 0x0000000706400000|  0%| F|  |TAMS 0x0000000706200000| PB 0x0000000706200000| Untracked 
|   6|0x0000000706400000, 0x0000000706400000, 0x0000000706600000|  0%| F|  |TAMS 0x0000000706400000| PB 0x0000000706400000| Untracked 
|   7|0x0000000706600000, 0x0000000706600000, 0x0000000706800000|  0%| F|  |TAMS 0x0000000706600000| PB 0x0000000706600000| Untracked 
|   8|0x0000000706800000, 0x0000000706800000, 0x0000000706a00000|  0%| F|  |TAMS 0x0000000706800000| PB 0x0000000706800000| Untracked 
|   9|0x0000000706a00000, 0x0000000706a00000, 0x0000000706c00000|  0%| F|  |TAMS 0x0000000706a00000| PB 0x0000000706a00000| Untracked 
|  10|0x0000000706c00000, 0x0000000706c00000, 0x0000000706e00000|  0%| F|  |TAMS 0x0000000706c00000| PB 0x0000000706c00000| Untracked 
|  11|0x0000000706e00000, 0x0000000706e00000, 0x0000000707000000|  0%| F|  |TAMS 0x0000000706e00000| PB 0x0000000706e00000| Untracked 
|  12|0x0000000707000000, 0x0000000707000000, 0x0000000707200000|  0%| F|  |TAMS 0x0000000707000000| PB 0x0000000707000000| Untracked 
|  13|0x0000000707200000, 0x0000000707200000, 0x0000000707400000|  0%| F|  |TAMS 0x0000000707200000| PB 0x0000000707200000| Untracked 
|  14|0x0000000707400000, 0x0000000707400000, 0x0000000707600000|  0%| F|  |TAMS 0x0000000707400000| PB 0x0000000707400000| Untracked 
|  15|0x0000000707600000, 0x0000000707600000, 0x0000000707800000|  0%| F|  |TAMS 0x0000000707600000| PB 0x0000000707600000| Untracked 
|  16|0x0000000707800000, 0x0000000707800000, 0x0000000707a00000|  0%| F|  |TAMS 0x0000000707800000| PB 0x0000000707800000| Untracked 
|  17|0x0000000707a00000, 0x0000000707a00000, 0x0000000707c00000|  0%| F|  |TAMS 0x0000000707a00000| PB 0x0000000707a00000| Untracked 
|  18|0x0000000707c00000, 0x0000000707c00000, 0x0000000707e00000|  0%| F|  |TAMS 0x0000000707c00000| PB 0x0000000707c00000| Untracked 
|  19|0x0000000707e00000, 0x0000000707e00000, 0x0000000708000000|  0%| F|  |TAMS 0x0000000707e00000| PB 0x0000000707e00000| Untracked 
|  20|0x0000000708000000, 0x0000000708000000, 0x0000000708200000|  0%| F|  |TAMS 0x0000000708000000| PB 0x0000000708000000| Untracked 
|  21|0x0000000708200000, 0x0000000708200000, 0x0000000708400000|  0%| F|  |TAMS 0x0000000708200000| PB 0x0000000708200000| Untracked 
|  22|0x0000000708400000, 0x0000000708400000, 0x0000000708600000|  0%| F|  |TAMS 0x0000000708400000| PB 0x0000000708400000| Untracked 
|  23|0x0000000708600000, 0x0000000708600000, 0x0000000708800000|  0%| F|  |TAMS 0x0000000708600000| PB 0x0000000708600000| Untracked 
|  24|0x0000000708800000, 0x0000000708800000, 0x0000000708a00000|  0%| F|  |TAMS 0x0000000708800000| PB 0x0000000708800000| Untracked 
|  25|0x0000000708a00000, 0x0000000708a00000, 0x0000000708c00000|  0%| F|  |TAMS 0x0000000708a00000| PB 0x0000000708a00000| Untracked 
|  26|0x0000000708c00000, 0x0000000708c00000, 0x0000000708e00000|  0%| F|  |TAMS 0x0000000708c00000| PB 0x0000000708c00000| Untracked 
|  27|0x0000000708e00000, 0x0000000708e00000, 0x0000000709000000|  0%| F|  |TAMS 0x0000000708e00000| PB 0x0000000708e00000| Untracked 
|  28|0x0000000709000000, 0x0000000709000000, 0x0000000709200000|  0%| F|  |TAMS 0x0000000709000000| PB 0x0000000709000000| Untracked 
|  29|0x0000000709200000, 0x0000000709200000, 0x0000000709400000|  0%| F|  |TAMS 0x0000000709200000| PB 0x0000000709200000| Untracked 
|  30|0x0000000709400000, 0x0000000709400000, 0x0000000709600000|  0%| F|  |TAMS 0x0000000709400000| PB 0x0000000709400000| Untracked 
|  31|0x0000000709600000, 0x0000000709600000, 0x0000000709800000|  0%| F|  |TAMS 0x0000000709600000| PB 0x0000000709600000| Untracked 
|  32|0x0000000709800000, 0x0000000709800000, 0x0000000709a00000|  0%| F|  |TAMS 0x0000000709800000| PB 0x0000000709800000| Untracked 
|  33|0x0000000709a00000, 0x0000000709a00000, 0x0000000709c00000|  0%| F|  |TAMS 0x0000000709a00000| PB 0x0000000709a00000| Untracked 
|  34|0x0000000709c00000, 0x0000000709c00000, 0x0000000709e00000|  0%| F|  |TAMS 0x0000000709c00000| PB 0x0000000709c00000| Untracked 
|  35|0x0000000709e00000, 0x0000000709e00000, 0x000000070a000000|  0%| F|  |TAMS 0x0000000709e00000| PB 0x0000000709e00000| Untracked 
|  36|0x000000070a000000, 0x000000070a000000, 0x000000070a200000|  0%| F|  |TAMS 0x000000070a000000| PB 0x000000070a000000| Untracked 
|  37|0x000000070a200000, 0x000000070a200000, 0x000000070a400000|  0%| F|  |TAMS 0x000000070a200000| PB 0x000000070a200000| Untracked 
|  38|0x000000070a400000, 0x000000070a400000, 0x000000070a600000|  0%| F|  |TAMS 0x000000070a400000| PB 0x000000070a400000| Untracked 
|  39|0x000000070a600000, 0x000000070a600000, 0x000000070a800000|  0%| F|  |TAMS 0x000000070a600000| PB 0x000000070a600000| Untracked 
|  40|0x000000070a800000, 0x000000070a800000, 0x000000070aa00000|  0%| F|  |TAMS 0x000000070a800000| PB 0x000000070a800000| Untracked 
|  41|0x000000070aa00000, 0x000000070aa00000, 0x000000070ac00000|  0%| F|  |TAMS 0x000000070aa00000| PB 0x000000070aa00000| Untracked 
|  42|0x000000070ac00000, 0x000000070ac00000, 0x000000070ae00000|  0%| F|  |TAMS 0x000000070ac00000| PB 0x000000070ac00000| Untracked 
|  43|0x000000070ae00000, 0x000000070ae00000, 0x000000070b000000|  0%| F|  |TAMS 0x000000070ae00000| PB 0x000000070ae00000| Untracked 
|  44|0x000000070b000000, 0x000000070b000000, 0x000000070b200000|  0%| F|  |TAMS 0x000000070b000000| PB 0x000000070b000000| Untracked 
|  45|0x000000070b200000, 0x000000070b200000, 0x000000070b400000|  0%| F|  |TAMS 0x000000070b200000| PB 0x000000070b200000| Untracked 
|  46|0x000000070b400000, 0x000000070b400000, 0x000000070b600000|  0%| F|  |TAMS 0x000000070b400000| PB 0x000000070b400000| Untracked 
|  47|0x000000070b600000, 0x000000070b600000, 0x000000070b800000|  0%| F|  |TAMS 0x000000070b600000| PB 0x000000070b600000| Untracked 
|  48|0x000000070b800000, 0x000000070b800000, 0x000000070ba00000|  0%| F|  |TAMS 0x000000070b800000| PB 0x000000070b800000| Untracked 
|  49|0x000000070ba00000, 0x000000070ba00000, 0x000000070bc00000|  0%| F|  |TAMS 0x000000070ba00000| PB 0x000000070ba00000| Untracked 
|  50|0x000000070bc00000, 0x000000070bc00000, 0x000000070be00000|  0%| F|  |TAMS 0x000000070bc00000| PB 0x000000070bc00000| Untracked 
|  51|0x000000070be00000, 0x000000070be00000, 0x000000070c000000|  0%| F|  |TAMS 0x000000070be00000| PB 0x000000070be00000| Untracked 
|  52|0x000000070c000000, 0x000000070c000000, 0x000000070c200000|  0%| F|  |TAMS 0x000000070c000000| PB 0x000000070c000000| Untracked 
|  53|0x000000070c200000, 0x000000070c200000, 0x000000070c400000|  0%| F|  |TAMS 0x000000070c200000| PB 0x000000070c200000| Untracked 
|  54|0x000000070c400000, 0x000000070c400000, 0x000000070c600000|  0%| F|  |TAMS 0x000000070c400000| PB 0x000000070c400000| Untracked 
|  55|0x000000070c600000, 0x000000070c600000, 0x000000070c800000|  0%| F|  |TAMS 0x000000070c600000| PB 0x000000070c600000| Untracked 
|  56|0x000000070c800000, 0x000000070c800000, 0x000000070ca00000|  0%| F|  |TAMS 0x000000070c800000| PB 0x000000070c800000| Untracked 
|  57|0x000000070ca00000, 0x000000070ca00000, 0x000000070cc00000|  0%| F|  |TAMS 0x000000070ca00000| PB 0x000000070ca00000| Untracked 
|  58|0x000000070cc00000, 0x000000070cc00000, 0x000000070ce00000|  0%| F|  |TAMS 0x000000070cc00000| PB 0x000000070cc00000| Untracked 
|  59|0x000000070ce00000, 0x000000070ce00000, 0x000000070d000000|  0%| F|  |TAMS 0x000000070ce00000| PB 0x000000070ce00000| Untracked 
|  60|0x000000070d000000, 0x000000070d000000, 0x000000070d200000|  0%| F|  |TAMS 0x000000070d000000| PB 0x000000070d000000| Untracked 
|  61|0x000000070d200000, 0x000000070d200000, 0x000000070d400000|  0%| F|  |TAMS 0x000000070d200000| PB 0x000000070d200000| Untracked 
|  62|0x000000070d400000, 0x000000070d400000, 0x000000070d600000|  0%| F|  |TAMS 0x000000070d400000| PB 0x000000070d400000| Untracked 
|  63|0x000000070d600000, 0x000000070d600000, 0x000000070d800000|  0%| F|  |TAMS 0x000000070d600000| PB 0x000000070d600000| Untracked 
|  64|0x000000070d800000, 0x000000070d800000, 0x000000070da00000|  0%| F|  |TAMS 0x000000070d800000| PB 0x000000070d800000| Untracked 
|  65|0x000000070da00000, 0x000000070da00000, 0x000000070dc00000|  0%| F|  |TAMS 0x000000070da00000| PB 0x000000070da00000| Untracked 
|  66|0x000000070dc00000, 0x000000070dc00000, 0x000000070de00000|  0%| F|  |TAMS 0x000000070dc00000| PB 0x000000070dc00000| Untracked 
|  67|0x000000070de00000, 0x000000070de00000, 0x000000070e000000|  0%| F|  |TAMS 0x000000070de00000| PB 0x000000070de00000| Untracked 
|  68|0x000000070e000000, 0x000000070e000000, 0x000000070e200000|  0%| F|  |TAMS 0x000000070e000000| PB 0x000000070e000000| Untracked 
|  69|0x000000070e200000, 0x000000070e200000, 0x000000070e400000|  0%| F|  |TAMS 0x000000070e200000| PB 0x000000070e200000| Untracked 
|  70|0x000000070e400000, 0x000000070e400000, 0x000000070e600000|  0%| F|  |TAMS 0x000000070e400000| PB 0x000000070e400000| Untracked 
|  71|0x000000070e600000, 0x000000070e600000, 0x000000070e800000|  0%| F|  |TAMS 0x000000070e600000| PB 0x000000070e600000| Untracked 
|  72|0x000000070e800000, 0x000000070e800000, 0x000000070ea00000|  0%| F|  |TAMS 0x000000070e800000| PB 0x000000070e800000| Untracked 
|  73|0x000000070ea00000, 0x000000070ea00000, 0x000000070ec00000|  0%| F|  |TAMS 0x000000070ea00000| PB 0x000000070ea00000| Untracked 
|  74|0x000000070ec00000, 0x000000070ec00000, 0x000000070ee00000|  0%| F|  |TAMS 0x000000070ec00000| PB 0x000000070ec00000| Untracked 
|  75|0x000000070ee00000, 0x000000070ee00000, 0x000000070f000000|  0%| F|  |TAMS 0x000000070ee00000| PB 0x000000070ee00000| Untracked 
|  76|0x000000070f000000, 0x000000070f000000, 0x000000070f200000|  0%| F|  |TAMS 0x000000070f000000| PB 0x000000070f000000| Untracked 
|  77|0x000000070f200000, 0x000000070f200000, 0x000000070f400000|  0%| F|  |TAMS 0x000000070f200000| PB 0x000000070f200000| Untracked 
|  78|0x000000070f400000, 0x000000070f400000, 0x000000070f600000|  0%| F|  |TAMS 0x000000070f400000| PB 0x000000070f400000| Untracked 
|  79|0x000000070f600000, 0x000000070f600000, 0x000000070f800000|  0%| F|  |TAMS 0x000000070f600000| PB 0x000000070f600000| Untracked 
|  80|0x000000070f800000, 0x000000070f800000, 0x000000070fa00000|  0%| F|  |TAMS 0x000000070f800000| PB 0x000000070f800000| Untracked 
|  81|0x000000070fa00000, 0x000000070fa00000, 0x000000070fc00000|  0%| F|  |TAMS 0x000000070fa00000| PB 0x000000070fa00000| Untracked 
|  82|0x000000070fc00000, 0x000000070fc00000, 0x000000070fe00000|  0%| F|  |TAMS 0x000000070fc00000| PB 0x000000070fc00000| Untracked 
|  83|0x000000070fe00000, 0x000000070fe00000, 0x0000000710000000|  0%| F|  |TAMS 0x000000070fe00000| PB 0x000000070fe00000| Untracked 
|  84|0x0000000710000000, 0x0000000710000000, 0x0000000710200000|  0%| F|  |TAMS 0x0000000710000000| PB 0x0000000710000000| Untracked 
|  85|0x0000000710200000, 0x0000000710200000, 0x0000000710400000|  0%| F|  |TAMS 0x0000000710200000| PB 0x0000000710200000| Untracked 
|  86|0x0000000710400000, 0x0000000710400000, 0x0000000710600000|  0%| F|  |TAMS 0x0000000710400000| PB 0x0000000710400000| Untracked 
|  87|0x0000000710600000, 0x0000000710600000, 0x0000000710800000|  0%| F|  |TAMS 0x0000000710600000| PB 0x0000000710600000| Untracked 
|  88|0x0000000710800000, 0x0000000710800000, 0x0000000710a00000|  0%| F|  |TAMS 0x0000000710800000| PB 0x0000000710800000| Untracked 
|  89|0x0000000710a00000, 0x0000000710a00000, 0x0000000710c00000|  0%| F|  |TAMS 0x0000000710a00000| PB 0x0000000710a00000| Untracked 
|  90|0x0000000710c00000, 0x0000000710c00000, 0x0000000710e00000|  0%| F|  |TAMS 0x0000000710c00000| PB 0x0000000710c00000| Untracked 
|  91|0x0000000710e00000, 0x0000000710e00000, 0x0000000711000000|  0%| F|  |TAMS 0x0000000710e00000| PB 0x0000000710e00000| Untracked 
|  92|0x0000000711000000, 0x0000000711000000, 0x0000000711200000|  0%| F|  |TAMS 0x0000000711000000| PB 0x0000000711000000| Untracked 
|  93|0x0000000711200000, 0x0000000711200000, 0x0000000711400000|  0%| F|  |TAMS 0x0000000711200000| PB 0x0000000711200000| Untracked 
|  94|0x0000000711400000, 0x0000000711400000, 0x0000000711600000|  0%| F|  |TAMS 0x0000000711400000| PB 0x0000000711400000| Untracked 
|  95|0x0000000711600000, 0x0000000711600000, 0x0000000711800000|  0%| F|  |TAMS 0x0000000711600000| PB 0x0000000711600000| Untracked 
|  96|0x0000000711800000, 0x0000000711800000, 0x0000000711a00000|  0%| F|  |TAMS 0x0000000711800000| PB 0x0000000711800000| Untracked 
|  97|0x0000000711a00000, 0x0000000711a00000, 0x0000000711c00000|  0%| F|  |TAMS 0x0000000711a00000| PB 0x0000000711a00000| Untracked 
|  98|0x0000000711c00000, 0x0000000711c00000, 0x0000000711e00000|  0%| F|  |TAMS 0x0000000711c00000| PB 0x0000000711c00000| Untracked 
|  99|0x0000000711e00000, 0x0000000711e00000, 0x0000000712000000|  0%| F|  |TAMS 0x0000000711e00000| PB 0x0000000711e00000| Untracked 
| 100|0x0000000712000000, 0x0000000712000000, 0x0000000712200000|  0%| F|  |TAMS 0x0000000712000000| PB 0x0000000712000000| Untracked 
| 101|0x0000000712200000, 0x0000000712200000, 0x0000000712400000|  0%| F|  |TAMS 0x0000000712200000| PB 0x0000000712200000| Untracked 
| 102|0x0000000712400000, 0x0000000712400000, 0x0000000712600000|  0%| F|  |TAMS 0x0000000712400000| PB 0x0000000712400000| Untracked 
| 103|0x0000000712600000, 0x0000000712600000, 0x0000000712800000|  0%| F|  |TAMS 0x0000000712600000| PB 0x0000000712600000| Untracked 
| 104|0x0000000712800000, 0x0000000712800000, 0x0000000712a00000|  0%| F|  |TAMS 0x0000000712800000| PB 0x0000000712800000| Untracked 
| 105|0x0000000712a00000, 0x0000000712a00000, 0x0000000712c00000|  0%| F|  |TAMS 0x0000000712a00000| PB 0x0000000712a00000| Untracked 
| 106|0x0000000712c00000, 0x0000000712c00000, 0x0000000712e00000|  0%| F|  |TAMS 0x0000000712c00000| PB 0x0000000712c00000| Untracked 
| 107|0x0000000712e00000, 0x0000000712e00000, 0x0000000713000000|  0%| F|  |TAMS 0x0000000712e00000| PB 0x0000000712e00000| Untracked 
| 108|0x0000000713000000, 0x0000000713000000, 0x0000000713200000|  0%| F|  |TAMS 0x0000000713000000| PB 0x0000000713000000| Untracked 
| 109|0x0000000713200000, 0x0000000713200000, 0x0000000713400000|  0%| F|  |TAMS 0x0000000713200000| PB 0x0000000713200000| Untracked 
| 110|0x0000000713400000, 0x0000000713400000, 0x0000000713600000|  0%| F|  |TAMS 0x0000000713400000| PB 0x0000000713400000| Untracked 
| 111|0x0000000713600000, 0x0000000713600000, 0x0000000713800000|  0%| F|  |TAMS 0x0000000713600000| PB 0x0000000713600000| Untracked 
| 112|0x0000000713800000, 0x0000000713800000, 0x0000000713a00000|  0%| F|  |TAMS 0x0000000713800000| PB 0x0000000713800000| Untracked 
| 113|0x0000000713a00000, 0x0000000713c00000, 0x0000000713c00000|100%| S|CS|TAMS 0x0000000713a00000| PB 0x0000000713a00000| Complete 
| 114|0x0000000713c00000, 0x0000000713e00000, 0x0000000713e00000|100%| S|CS|TAMS 0x0000000713c00000| PB 0x0000000713c00000| Complete 
| 115|0x0000000713e00000, 0x0000000713e00000, 0x0000000714000000|  0%| F|  |TAMS 0x0000000713e00000| PB 0x0000000713e00000| Untracked 
| 116|0x0000000714000000, 0x0000000714000000, 0x0000000714200000|  0%| F|  |TAMS 0x0000000714000000| PB 0x0000000714000000| Untracked 
| 117|0x0000000714200000, 0x0000000714200000, 0x0000000714400000|  0%| F|  |TAMS 0x0000000714200000| PB 0x0000000714200000| Untracked 
| 118|0x0000000714400000, 0x0000000714400000, 0x0000000714600000|  0%| F|  |TAMS 0x0000000714400000| PB 0x0000000714400000| Untracked 
| 119|0x0000000714600000, 0x0000000714600000, 0x0000000714800000|  0%| F|  |TAMS 0x0000000714600000| PB 0x0000000714600000| Untracked 
| 120|0x0000000714800000, 0x00000007149cc310, 0x0000000714a00000| 89%| E|  |TAMS 0x0000000714800000| PB 0x0000000714800000| Complete 
| 121|0x0000000714a00000, 0x0000000714c00000, 0x0000000714c00000|100%| E|CS|TAMS 0x0000000714a00000| PB 0x0000000714a00000| Complete 
| 122|0x0000000714c00000, 0x0000000714e00000, 0x0000000714e00000|100%| E|CS|TAMS 0x0000000714c00000| PB 0x0000000714c00000| Complete 
| 123|0x0000000714e00000, 0x0000000715000000, 0x0000000715000000|100%| E|  |TAMS 0x0000000714e00000| PB 0x0000000714e00000| Complete 
| 124|0x0000000715000000, 0x0000000715200000, 0x0000000715200000|100%| E|CS|TAMS 0x0000000715000000| PB 0x0000000715000000| Complete 
| 125|0x0000000715200000, 0x0000000715400000, 0x0000000715400000|100%| E|CS|TAMS 0x0000000715200000| PB 0x0000000715200000| Complete 

Card table byte_map: [0x000001df93d30000,0x000001df94510000] _byte_map_base: 0x000001df90504000

Marking Bits: (CMBitMap*) 0x000001df860da160
 Bits: [0x000001df94510000, 0x000001df983b0000)

Polling page: 0x000001df85ef0000

Metaspace:

Usage:
  Non-class:      7.13 MB used.
      Class:   1023.80 KB used.
       Both:      8.13 MB used.

Virtual space:
  Non-class space:       64.00 MB reserved,       7.25 MB ( 11%) committed,  1 nodes.
      Class space:        1.00 GB reserved,       1.12 MB ( <1%) committed,  1 nodes.
             Both:        1.06 GB reserved,       8.38 MB ( <1%) committed. 

Chunk freelists:
   Non-Class:  8.73 MB
       Class:  14.88 MB
        Both:  23.61 MB

MaxMetaspaceSize: unlimited
CompressedClassSpaceSize: 1.00 GB
Initial GC threshold: 21.00 MB
Current GC threshold: 21.00 MB
CDS: on
 - commit_granule_bytes: 65536.
 - commit_granule_words: 8192.
 - virtual_space_node_default_size: 8388608.
 - enlarge_chunks_in_place: 1.
 - use_allocation_guard: 0.


Internal statistics:

num_allocs_failed_limit: 0.
num_arena_births: 230.
num_arena_deaths: 0.
num_vsnodes_births: 2.
num_vsnodes_deaths: 0.
num_space_committed: 134.
num_space_uncommitted: 0.
num_chunks_returned_to_freelist: 0.
num_chunks_taken_from_freelist: 376.
num_chunk_merges: 0.
num_chunk_splits: 243.
num_chunks_enlarged: 151.
num_inconsistent_stats: 0.

CodeCache: size=49152Kb used=5002Kb max_used=5002Kb free=44149Kb
 bounds [0x000001df8fcd0000, 0x000001df901c0000, 0x000001df92cd0000]
 total_blobs=2137 nmethods=1654 adapters=406
 compilation: enabled
              stopped_count=0, restarted_count=0
 full_count=0

Compilation events (20 events):
Event: 1.191 Thread 0x000001dfe06ad690 nmethod 1638 0x000001df901a9190 code [0x000001df901a93c0, 0x000001df901a9838]
Event: 1.192 Thread 0x000001dfe06ad690 1647       1       jdk.internal.org.objectweb.asm.Frame::setInputFrameFromDescriptor (175 bytes)
Event: 1.192 Thread 0x000001dfe00eb1a0 nmethod 1639 0x000001df901a9a10 code [0x000001df901a9c00, 0x000001df901aa078]
Event: 1.192 Thread 0x000001dfe00eb1a0 1642       1       jdk.internal.org.objectweb.asm.SymbolTable::computeBootstrapMethodsSize (27 bytes)
Event: 1.192 Thread 0x000001dfe06ad690 nmethod 1647 0x000001df901aa390 code [0x000001df901aa5a0, 0x000001df901aab30]
Event: 1.192 Thread 0x000001dfe06ad690 1648       1       java.lang.invoke.LambdaForm$Name::internArguments (62 bytes)
Event: 1.192 Thread 0x000001dfe00eb1a0 nmethod 1642 0x000001df901aae90 code [0x000001df901ab040, 0x000001df901ab190]
Event: 1.192 Thread 0x000001dfe00eb1a0 1643       1       jdk.internal.org.objectweb.asm.SymbolTable::getConstantPoolLength (8 bytes)
Event: 1.192 Thread 0x000001dfe00eb1a0 nmethod 1643 0x000001df901ab290 code [0x000001df901ab420, 0x000001df901ab4f8]
Event: 1.192 Thread 0x000001dfe00eb1a0 1644       1       jdk.internal.org.objectweb.asm.ByteVector::<init> (12 bytes)
Event: 1.192 Thread 0x000001dfe06ad690 nmethod 1648 0x000001df901ab590 code [0x000001df901ab740, 0x000001df901ab9f0]
Event: 1.192 Thread 0x000001dfe00eb1a0 nmethod 1644 0x000001df901abb90 code [0x000001df901abd20, 0x000001df901abed8]
Event: 1.193 Thread 0x000001dfe06ad690 1645       1       jdk.internal.org.objectweb.asm.SymbolTable::putConstantPool (28 bytes)
Event: 1.193 Thread 0x000001dfe00eb1a0 1646       1       jdk.internal.org.objectweb.asm.SymbolTable::putBootstrapMethods (56 bytes)
Event: 1.193 Thread 0x000001dfe06ad690 nmethod 1645 0x000001df901ac590 code [0x000001df901ac740, 0x000001df901ac890]
Event: 1.193 Thread 0x000001dfe06ad690 1649       1       java.lang.invoke.MethodHandles$Lookup::resolveOrFail (48 bytes)
Event: 1.193 Thread 0x000001dfe00eb1a0 nmethod 1646 0x000001df901ac990 code [0x000001df901acb80, 0x000001df901acd88]
Event: 1.193 Thread 0x000001dfe00eb1a0 1650       1       java.lang.invoke.MethodHandles$Lookup::checkMethodName (45 bytes)
Event: 1.193 Thread 0x000001dfe06ad690 nmethod 1649 0x000001df901acf10 code [0x000001df901ad120, 0x000001df901ad520]
Event: 1.193 Thread 0x000001dfe00eb1a0 nmethod 1650 0x000001df901ad710 code [0x000001df901ad900, 0x000001df901adc58]

GC Heap History (2 events):
Event: 0.923 GC heap before
{Heap before GC invocations=0 (full 0):
 garbage-first heap   total 258048K, used 20480K [0x0000000705800000, 0x0000000800000000)
  region size 2048K, 11 young (22528K), 0 survivors (0K)
 Metaspace       used 6522K, committed 6784K, reserved 1114112K
  class space    used 778K, committed 896K, reserved 1048576K
}
Event: 0.935 GC heap after
{Heap after GC invocations=1 (full 0):
 garbage-first heap   total 258048K, used 7123K [0x0000000705800000, 0x0000000800000000)
  region size 2048K, 2 young (4096K), 2 survivors (4096K)
 Metaspace       used 6522K, committed 6784K, reserved 1114112K
  class space    used 778K, committed 896K, reserved 1048576K
}

Dll operation events (11 events):
Event: 0.013 Loaded shared library C:\Users\Sebastian\.jdks\openjdk-21.0.2\bin\java.dll
Event: 0.191 Loaded shared library C:\Users\Sebastian\.jdks\openjdk-21.0.2\bin\zip.dll
Event: 0.195 Loaded shared library C:\Users\Sebastian\.jdks\openjdk-21.0.2\bin\instrument.dll
Event: 0.203 Loaded shared library C:\Users\Sebastian\.jdks\openjdk-21.0.2\bin\net.dll
Event: 0.205 Loaded shared library C:\Users\Sebastian\.jdks\openjdk-21.0.2\bin\nio.dll
Event: 0.208 Loaded shared library C:\Users\Sebastian\.jdks\openjdk-21.0.2\bin\zip.dll
Event: 0.374 Loaded shared library C:\Users\Sebastian\IntelliJ IDEA 2023.3.3\bin\breakgen64.dll
Event: 0.382 Loaded shared library C:\Users\Sebastian\.jdks\openjdk-21.0.2\bin\jimage.dll
Event: 0.386 Loaded shared library C:\Users\Sebastian\.jdks\openjdk-21.0.2\bin\extnet.dll
Event: 0.405 Loaded shared library C:\Users\Sebastian\.jdks\openjdk-21.0.2\bin\management.dll
Event: 0.420 Loaded shared library C:\Users\Sebastian\.jdks\openjdk-21.0.2\bin\management_ext.dll

Deoptimization events (0 events):
No events

Classes loaded (20 events):
Event: 1.167 Loading class sun/util/resources/TimeZoneNames
Event: 1.167 Loading class sun/util/resources/TimeZoneNames done
Event: 1.168 Loading class sun/util/resources/TimeZoneNames_en
Event: 1.168 Loading class sun/util/resources/TimeZoneNames_en done
Event: 1.183 Loading class java/util/logging/ConsoleHandler
Event: 1.183 Loading class java/util/logging/ConsoleHandler done
Event: 1.184 Loading class java/util/logging/LogManager$CloseOnReset
Event: 1.184 Loading class java/util/logging/LogManager$CloseOnReset done
Event: 1.184 Loading class java/util/MissingResourceException
Event: 1.184 Loading class java/util/MissingResourceException done
Event: 1.187 Loading class sun/rmi/transport/tcp/TCPTransport$ConnectionHandler
Event: 1.187 Loading class sun/rmi/transport/tcp/TCPTransport$ConnectionHandler done
Event: 1.187 Loading class java/util/concurrent/ThreadPoolExecutor$Worker
Event: 1.188 Loading class java/util/concurrent/ThreadPoolExecutor$Worker done
Event: 1.194 Loading class java/net/StandardSocketOptions
Event: 1.194 Loading class java/net/StandardSocketOptions done
Event: 1.194 Loading class java/net/StandardSocketOptions$StdSocketOption
Event: 1.194 Loading class java/net/StandardSocketOptions$StdSocketOption done
Event: 1.195 Loading class sun/nio/ch/SocketOptionRegistry
Event: 1.195 Loading class sun/nio/ch/SocketOptionRegistry done

Classes unloaded (0 events):
No events

Classes redefined (0 events):
No events

Internal exceptions (20 events):
Event: 0.639 Thread 0x000001df86075510 Exception <a 'java/lang/NoSuchMethodError'{0x00000007145c9bb0}: 'java.lang.Object java.lang.invoke.DirectMethodHandle$Holder.invokeStaticInit(java.lang.Object, int, int, int, int)'> (0x00000007145c9bb0) 
thrown [s\open\src\hotspot\share\interpreter\linkResolver.cpp, line 773]
Event: 0.714 Thread 0x000001df86075510 Exception <a 'java/lang/NoSuchMethodError'{0x000000071428afa8}: 'java.lang.Object java.lang.invoke.DirectMethodHandle$Holder.invokeStaticInit(java.lang.Object, java.lang.Object, int, int, int, int)'> (0x000000071428afa8) 
thrown [s\open\src\hotspot\share\interpreter\linkResolver.cpp, line 773]
Event: 0.733 Thread 0x000001df86075510 Exception <a 'java/lang/ClassNotFoundException'{0x00000007142a7b58}: javax/management/remote/rmi/RMIServerImpl_Skel> (0x00000007142a7b58) 
thrown [s\open\src\hotspot\share\classfile\systemDictionary.cpp, line 312]
Event: 0.747 Thread 0x000001df86075510 Exception <a 'java/lang/NoSuchMethodError'{0x00000007142c4a08}: 'long java.lang.invoke.DirectMethodHandle$Holder.invokeSpecial(java.lang.Object, java.lang.Object)'> (0x00000007142c4a08) 
thrown [s\open\src\hotspot\share\interpreter\linkResolver.cpp, line 773]
Event: 0.747 Thread 0x000001df86075510 Exception <a 'java/lang/NoSuchMethodError'{0x00000007142c80d0}: 'long java.lang.invoke.Invokers$Holder.invokeExact_MT(java.lang.Object, java.lang.Object)'> (0x00000007142c80d0) 
thrown [s\open\src\hotspot\share\interpreter\linkResolver.cpp, line 773]
Event: 0.754 Thread 0x000001df86075510 Exception <a 'java/lang/NoSuchMethodError'{0x00000007142e1208}: 'void java.lang.invoke.DirectMethodHandle$Holder.invokeSpecial(java.lang.Object, java.lang.Object, java.lang.Object)'> (0x00000007142e1208) 
thrown [s\open\src\hotspot\share\interpreter\linkResolver.cpp, line 773]
Event: 0.833 Thread 0x000001df86075510 Exception <a 'java/lang/ClassNotFoundException'{0x0000000714140900}: javax/smartcardio/CardPermission> (0x0000000714140900) 
thrown [s\open\src\hotspot\share\classfile\systemDictionary.cpp, line 312]
Event: 0.837 Thread 0x000001df86075510 Exception <a 'java/io/FileNotFoundException'{0x000000071414ee30}> (0x000000071414ee30) 
thrown [s\open\src\hotspot\share\prims\jni.cpp, line 520]
Event: 0.855 Thread 0x000001df86075510 Exception <a 'java/lang/NoSuchMethodError'{0x00000007141c4f80}: 'java.lang.Object java.lang.invoke.DirectMethodHandle$Holder.invokeSpecial(java.lang.Object, java.lang.Object, java.lang.Object, long, java.lang.Object)'> (0x00000007141c4f80) 
thrown [s\open\src\hotspot\share\interpreter\linkResolver.cpp, line 773]
Event: 0.856 Thread 0x000001df86075510 Exception <a 'java/lang/NoSuchMethodError'{0x00000007141c88d0}: 'java.lang.Object java.lang.invoke.Invokers$Holder.linkToTargetMethod(java.lang.Object, long, java.lang.Object, java.lang.Object)'> (0x00000007141c88d0) 
thrown [s\open\src\hotspot\share\interpreter\linkResolver.cpp, line 773]
Event: 0.917 Thread 0x000001df86075510 Exception <a 'java/lang/NoSuchMethodError'{0x0000000713fb7b60}: 'void java.lang.invoke.DirectMethodHandle$Holder.invokeStatic(java.lang.Object, java.lang.Object, java.lang.Object, java.lang.Object)'> (0x0000000713fb7b60) 
thrown [s\open\src\hotspot\share\interpreter\linkResolver.cpp, line 773]
Event: 0.958 Thread 0x000001df86075510 Exception <a 'java/lang/NoSuchMethodError'{0x000000071532ea68}: 'int java.lang.invoke.DirectMethodHandle$Holder.invokeStaticInit(java.lang.Object, java.lang.Object)'> (0x000000071532ea68) 
thrown [s\open\src\hotspot\share\interpreter\linkResolver.cpp, line 773]
Event: 0.970 Thread 0x000001df86075510 Exception <a 'java/lang/NoSuchMethodError'{0x000000071537be90}: 'void java.lang.invoke.DirectMethodHandle$Holder.invokeInterface(java.lang.Object, java.lang.Object, java.lang.Object, java.lang.Object)'> (0x000000071537be90) 
thrown [s\open\src\hotspot\share\interpreter\linkResolver.cpp, line 773]
Event: 1.028 Thread 0x000001df86075510 Exception <a 'java/lang/NoSuchMethodError'{0x000000071516dcb8}: 'java.lang.Object java.lang.invoke.DirectMethodHandle$Holder.invokeInterface(java.lang.Object, java.lang.Object)'> (0x000000071516dcb8) 
thrown [s\open\src\hotspot\share\interpreter\linkResolver.cpp, line 773]
Event: 1.038 Thread 0x000001df86075510 Exception <a 'java/lang/NoSuchMethodError'{0x00000007151b9cd8}: 'java.lang.Object java.lang.invoke.DirectMethodHandle$Holder.invokeSpecialIFC(java.lang.Object, java.lang.Object, java.lang.Object, java.lang.Object)'> (0x00000007151b9cd8) 
thrown [s\open\src\hotspot\share\interpreter\linkResolver.cpp, line 773]
Event: 1.041 Thread 0x000001df86075510 Exception <a 'java/lang/NoSuchMethodError'{0x00000007151db990}: 'java.lang.Object java.lang.invoke.DirectMethodHandle$Holder.invokeInterface(java.lang.Object, java.lang.Object, java.lang.Object)'> (0x00000007151db990) 
thrown [s\open\src\hotspot\share\interpreter\linkResolver.cpp, line 773]
Event: 1.156 Thread 0x000001dfe0ba1610 Exception <a 'java/lang/NoSuchMethodError'{0x0000000714bb3508}: 'int java.lang.invoke.DirectMethodHandle$Holder.invokeStaticInit(java.lang.Object, java.lang.Object, java.lang.Object)'> (0x0000000714bb3508) 
thrown [s\open\src\hotspot\share\interpreter\linkResolver.cpp, line 773]
Event: 1.167 Thread 0x000001dfe0ba1610 Exception <a 'java/lang/NoSuchMethodError'{0x0000000714810058}: 'java.lang.Object java.lang.invoke.DirectMethodHandle$Holder.newInvokeSpecial(java.lang.Object, java.lang.Object, java.lang.Object, java.lang.Object, java.lang.Object)'> (0x0000000714810058) 
thrown [s\open\src\hotspot\share\interpreter\linkResolver.cpp, line 773]
Event: 1.169 Thread 0x000001df9ae8cf60 Exception <a 'java/lang/NoSuchMethodError'{0x000000071483edf0}: 'java.lang.Object java.lang.invoke.Invokers$Holder.invokeExact_MT(java.lang.Object, java.lang.Object, java.lang.Object, java.lang.Object, java.lang.Object, java.lang.Object)'> (0x000000071483edf0) 
thrown [s\open\src\hotspot\share\interpreter\linkResolver.cpp, line 773]
Event: 1.187 Thread 0x000001dfe0ba1610 Exception <a 'java/lang/IncompatibleClassChangeError'{0x000000071495deb8}: Found class java.lang.Object, but interface was expected> (0x000000071495deb8) 
thrown [s\open\src\hotspot\share\interpreter\linkResolver.cpp, line 840]

ZGC Phase Switch (0 events):
No events

VM Operations (18 events):
Event: 0.163 Executing VM operation: HandshakeAllThreads (Deoptimize)
Event: 0.179 Executing VM operation: HandshakeAllThreads (Deoptimize) done
Event: 0.428 Executing VM operation: HandshakeAllThreads (Deoptimize)
Event: 0.428 Executing VM operation: HandshakeAllThreads (Deoptimize) done
Event: 0.608 Executing VM operation: HandshakeAllThreads (Deoptimize)
Event: 0.608 Executing VM operation: HandshakeAllThreads (Deoptimize) done
Event: 0.731 Executing VM operation: HandshakeAllThreads (Deoptimize)
Event: 0.731 Executing VM operation: HandshakeAllThreads (Deoptimize) done
Event: 0.759 Executing VM operation: HandshakeAllThreads (Deoptimize)
Event: 0.759 Executing VM operation: HandshakeAllThreads (Deoptimize) done
Event: 0.799 Executing VM operation: HandshakeAllThreads (Deoptimize)
Event: 0.799 Executing VM operation: HandshakeAllThreads (Deoptimize) done
Event: 0.804 Executing VM operation: HandshakeAllThreads (Deoptimize)
Event: 0.804 Executing VM operation: HandshakeAllThreads (Deoptimize) done
Event: 0.905 Executing VM operation: ICBufferFull
Event: 0.905 Executing VM operation: ICBufferFull done
Event: 0.923 Executing VM operation: G1CollectForAllocation (G1 Evacuation Pause)
Event: 0.935 Executing VM operation: G1CollectForAllocation (G1 Evacuation Pause) done

Events (17 events):
Event: 0.039 Thread 0x000001df86075510 Thread added: 0x000001df86075510
Event: 0.058 Thread 0x000001df9ae86970 Thread added: 0x000001df9ae86970
Event: 0.059 Thread 0x000001df9ae879a0 Thread added: 0x000001df9ae879a0
Event: 0.059 Thread 0x000001df9ae8b410 Thread added: 0x000001df9ae8b410
Event: 0.059 Thread 0x000001df9ae8cf60 Thread added: 0x000001df9ae8cf60
Event: 0.059 Thread 0x000001df9ae8de60 Thread added: 0x000001df9ae8de60
Event: 0.059 Thread 0x000001df9ae959a0 Thread added: 0x000001df9ae959a0
Event: 0.059 Thread 0x000001df9aec6e00 Thread added: 0x000001df9aec6e00
Event: 0.158 Thread 0x000001dfe00e6290 Thread added: 0x000001dfe00e6290
Event: 0.165 Thread 0x000001dfe00eb1a0 Thread added: 0x000001dfe00eb1a0
Event: 0.374 Thread 0x000001dfe05e8400 Thread added: 0x000001dfe05e8400
Event: 0.375 Thread 0x000001dfe05e8a70 Thread added: 0x000001dfe05e8a70
Event: 0.550 Thread 0x000001dfe06ad690 Thread added: 0x000001dfe06ad690
Event: 0.743 Thread 0x000001dfe07b29c0 Thread added: 0x000001dfe07b29c0
Event: 1.118 Thread 0x000001dfe0b6e0a0 Thread added: 0x000001dfe0b6e0a0
Event: 1.123 Thread 0x000001dfe0ba1610 Thread added: 0x000001dfe0ba1610
Event: 1.189 Thread 0x000001dfe10d3de0 Thread added: 0x000001dfe10d3de0


Dynamic libraries:
0x00007ff657cb0000 - 0x00007ff657cbe000 	C:\Users\Sebastian\.jdks\openjdk-21.0.2\bin\java.exe
0x00007ffadd310000 - 0x00007ffadd508000 	C:\windows\SYSTEM32\ntdll.dll
0x00007ffa9dc30000 - 0x00007ffa9dc49000 	C:\Program Files\Avast Software\Avast\aswhook.dll
0x00007ffadd130000 - 0x00007ffadd1ed000 	C:\windows\System32\KERNEL32.DLL
0x00007ffadaa00000 - 0x00007ffadacf6000 	C:\windows\System32\KERNELBASE.dll
0x00007ffadae30000 - 0x00007ffadaf30000 	C:\windows\System32\ucrtbase.dll
0x00007ffaa97b0000 - 0x00007ffaa97c8000 	C:\Users\Sebastian\.jdks\openjdk-21.0.2\bin\jli.dll
0x00007ffaa9a20000 - 0x00007ffaa9a3b000 	C:\Users\Sebastian\.jdks\openjdk-21.0.2\bin\VCRUNTIME140.dll
0x00007ffadc850000 - 0x00007ffadc9ef000 	C:\windows\System32\USER32.dll
0x00007ffadad70000 - 0x00007ffadad92000 	C:\windows\System32\win32u.dll
0x00007ffadb4d0000 - 0x00007ffadb4fb000 	C:\windows\System32\GDI32.dll
0x00007ffaae000000 - 0x00007ffaae29a000 	C:\windows\WinSxS\amd64_microsoft.windows.common-controls_6595b64144ccf1df_6.0.19041.4355_none_60b8b9eb71f62e16\COMCTL32.dll
0x00007ffadaf30000 - 0x00007ffadb047000 	C:\windows\System32\gdi32full.dll
0x00007ffadc3c0000 - 0x00007ffadc45e000 	C:\windows\System32\msvcrt.dll
0x00007ffadb2b0000 - 0x00007ffadb34d000 	C:\windows\System32\msvcp_win.dll
0x00007ffadc460000 - 0x00007ffadc48f000 	C:\windows\System32\IMM32.DLL
0x00007ffaaa740000 - 0x00007ffaaa74c000 	C:\Users\Sebastian\.jdks\openjdk-21.0.2\bin\vcruntime140_1.dll
0x00007ffa8b900000 - 0x00007ffa8b98e000 	C:\Users\Sebastian\.jdks\openjdk-21.0.2\bin\msvcp140.dll
0x00007ffa14a80000 - 0x00007ffa15797000 	C:\Users\Sebastian\.jdks\openjdk-21.0.2\bin\server\jvm.dll
0x00007ffadb420000 - 0x00007ffadb4d0000 	C:\windows\System32\ADVAPI32.dll
0x00007ffadbdb0000 - 0x00007ffadbe50000 	C:\windows\System32\sechost.dll
0x00007ffadbe50000 - 0x00007ffadbf73000 	C:\windows\System32\RPCRT4.dll
0x00007ffada9d0000 - 0x00007ffada9f7000 	C:\windows\System32\bcrypt.dll
0x00007ffadca10000 - 0x00007ffadca7b000 	C:\windows\System32\WS2_32.dll
0x00007ffad9f50000 - 0x00007ffad9f9b000 	C:\windows\SYSTEM32\POWRPROF.dll
0x00007ffad05c0000 - 0x00007ffad05ca000 	C:\windows\SYSTEM32\VERSION.dll
0x00007ffab4010000 - 0x00007ffab4037000 	C:\windows\SYSTEM32\WINMM.dll
0x00007ffad9dc0000 - 0x00007ffad9dd2000 	C:\windows\SYSTEM32\UMPDC.dll
0x00007ffad91a0000 - 0x00007ffad91b2000 	C:\windows\SYSTEM32\kernel.appcore.dll
0x00007ffaa9a10000 - 0x00007ffaa9a1a000 	C:\Users\Sebastian\.jdks\openjdk-21.0.2\bin\jimage.dll
0x00007ffad85b0000 - 0x00007ffad8794000 	C:\windows\SYSTEM32\DBGHELP.DLL
0x00007ffac88e0000 - 0x00007ffac8914000 	C:\windows\SYSTEM32\dbgcore.DLL
0x00007ffadada0000 - 0x00007ffadae22000 	C:\windows\System32\bcryptPrimitives.dll
0x00007ffad1b50000 - 0x00007ffad1b5f000 	C:\Users\Sebastian\.jdks\openjdk-21.0.2\bin\instrument.dll
0x00007ffaa79a0000 - 0x00007ffaa79bf000 	C:\Users\Sebastian\.jdks\openjdk-21.0.2\bin\java.dll
0x00007ffadb630000 - 0x00007ffadbd9c000 	C:\windows\System32\SHELL32.dll
0x00007ffad89f0000 - 0x00007ffad918d000 	C:\windows\SYSTEM32\windows.storage.dll
0x00007ffadc4f0000 - 0x00007ffadc843000 	C:\windows\System32\combase.dll
0x00007ffada3f0000 - 0x00007ffada41e000 	C:\windows\SYSTEM32\Wldp.dll
0x00007ffadb350000 - 0x00007ffadb41d000 	C:\windows\System32\OLEAUT32.dll
0x00007ffadd020000 - 0x00007ffadd0cd000 	C:\windows\System32\SHCORE.dll
0x00007ffadc360000 - 0x00007ffadc3b5000 	C:\windows\System32\shlwapi.dll
0x00007ffada900000 - 0x00007ffada924000 	C:\windows\SYSTEM32\profapi.dll
0x00007ffaa21e0000 - 0x00007ffaa21f8000 	C:\Users\Sebastian\.jdks\openjdk-21.0.2\bin\zip.dll
0x00007ffaa8ce0000 - 0x00007ffaa8cf0000 	C:\Users\Sebastian\.jdks\openjdk-21.0.2\bin\net.dll
0x00007ffad45c0000 - 0x00007ffad46ca000 	C:\windows\SYSTEM32\WINHTTP.dll
0x00007ffada150000 - 0x00007ffada1ba000 	C:\windows\system32\mswsock.dll
0x00007ffaa7450000 - 0x00007ffaa7466000 	C:\Users\Sebastian\.jdks\openjdk-21.0.2\bin\nio.dll
0x00007ffad1290000 - 0x00007ffad12aa000 	C:\Users\Sebastian\IntelliJ IDEA 2023.3.3\bin\breakgen64.dll
0x00007ffaa7990000 - 0x00007ffaa7999000 	C:\Users\Sebastian\.jdks\openjdk-21.0.2\bin\extnet.dll
0x00007ffad9e30000 - 0x00007ffad9efa000 	C:\windows\SYSTEM32\DNSAPI.dll
0x00007ffad9de0000 - 0x00007ffad9e1b000 	C:\windows\SYSTEM32\IPHLPAPI.DLL
0x00007ffadbda0000 - 0x00007ffadbda8000 	C:\windows\System32\NSI.dll
0x00007ffacff30000 - 0x00007ffacff3a000 	C:\Windows\System32\rasadhlp.dll
0x00007ffacb9a0000 - 0x00007ffacba20000 	C:\windows\System32\fwpuclnt.dll
0x00007ffad1b30000 - 0x00007ffad1b3a000 	C:\Users\Sebastian\.jdks\openjdk-21.0.2\bin\management.dll
0x00007ffad1b00000 - 0x00007ffad1b0b000 	C:\Users\Sebastian\.jdks\openjdk-21.0.2\bin\management_ext.dll
0x00007ffadc190000 - 0x00007ffadc198000 	C:\windows\System32\PSAPI.DLL
0x00007ffada350000 - 0x00007ffada368000 	C:\windows\SYSTEM32\CRYPTSP.dll
0x00007ffad99d0000 - 0x00007ffad9a04000 	C:\windows\system32\rsaenh.dll
0x00007ffada8b0000 - 0x00007ffada8de000 	C:\windows\SYSTEM32\USERENV.dll
0x00007ffada340000 - 0x00007ffada34c000 	C:\windows\SYSTEM32\CRYPTBASE.dll
0x00007ffab5860000 - 0x00007ffab5877000 	C:\windows\system32\napinsp.dll
0x00007ffab5880000 - 0x00007ffab589b000 	C:\windows\system32\pnrpnsp.dll
0x00007ffad4c00000 - 0x00007ffad4c15000 	C:\windows\system32\wshbth.dll
0x00007ffad42e0000 - 0x00007ffad42fd000 	C:\windows\system32\NLAapi.dll
0x00007ffab5a90000 - 0x00007ffab5aa2000 	C:\windows\System32\winrnr.dll

dbghelp: loaded successfully - version: 4.0.5 - missing functions: none
symbol engine: initialized successfully - sym options: 0x614 - pdb path: .;C:\Users\Sebastian\.jdks\openjdk-21.0.2\bin;C:\windows\SYSTEM32;C:\Program Files\Avast Software\Avast;C:\windows\WinSxS\amd64_microsoft.windows.common-controls_6595b64144ccf1df_6.0.19041.4355_none_60b8b9eb71f62e16;C:\Users\Sebastian\.jdks\openjdk-21.0.2\bin\server;C:\Users\Sebastian\IntelliJ IDEA 2023.3.3\bin

VM Arguments:
jvm_args: -XX:TieredStopAtLevel=1 -Dspring.output.ansi.enabled=always -Dcom.sun.management.jmxremote -Dspring.jmx.enabled=true -Dspring.liveBeansView.mbeanDomain -Dspring.application.admin.enabled=true -Dmanagement.endpoints.jmx.exposure.include=* -javaagent:C:\Users\Sebastian\IntelliJ IDEA 2023.3.3\lib\idea_rt.jar=62571:C:\Users\Sebastian\IntelliJ IDEA 2023.3.3\bin -Dfile.encoding=UTF-8 -Dsun.stdout.encoding=UTF-8 -Dsun.stderr.encoding=UTF-8 
java_command: com.obligatorioPenca.obligatorioPenca.ObligatorioPencaApplication
java_class_path (initial): C:\Users\Sebastian\Documents\Seba\Bases de datos\BD2\Obligatorio\ObligatorioBDD2\backend\obligatorioPenca\obligatorioPenca\target\classes;C:\Users\Sebastian\.m2\repository\org\springframework\boot\spring-boot-starter-data-jpa\3.2.5\spring-boot-starter-data-jpa-3.2.5.jar;C:\Users\Sebastian\.m2\repository\org\springframework\boot\spring-boot-starter-aop\3.2.5\spring-boot-starter-aop-3.2.5.jar;C:\Users\Sebastian\.m2\repository\org\springframework\spring-aop\6.1.6\spring-aop-6.1.6.jar;C:\Users\Sebastian\.m2\repository\org\aspectj\aspectjweaver\1.9.22\aspectjweaver-1.9.22.jar;C:\Users\Sebastian\.m2\repository\org\springframework\boot\spring-boot-starter-jdbc\3.2.5\spring-boot-starter-jdbc-3.2.5.jar;C:\Users\Sebastian\.m2\repository\com\zaxxer\HikariCP\5.0.1\HikariCP-5.0.1.jar;C:\Users\Sebastian\.m2\repository\org\springframework\spring-jdbc\6.1.6\spring-jdbc-6.1.6.jar;C:\Users\Sebastian\.m2\repository\org\hibernate\orm\hibernate-core\6.4.4.Final\hibernate-core-6.4.4.Final.jar;C:\Users\Sebastian\.m2\repository\jakarta\persistence\jakarta.persistence-api\3.1.0\jakarta.persistence-api-3.1.0.jar;C:\Users\Sebastian\.m2\repository\jakarta\transaction\jakarta.transaction-api\2.0.1\jakarta.transaction-api-2.0.1.jar;C:\Users\Sebastian\.m2\repository\org\jboss\logging\jboss-logging\3.5.3.Final\jboss-logging-3.5.3.Final.jar;C:\Users\Sebastian\.m2\repository\org\hibernate\common\hibernate-commons-annotations\6.0.6.Final\hibernate-commons-annotations-6.0.6.Final.jar;C:\Users\Sebastian\.m2\repository\io\smallrye\jandex\3.1.2\jandex-3.1.2.jar;C:\Users\Sebastian\.m2\repository\net\bytebuddy\byte-buddy\1.14.13\byte-buddy-1.14.13.jar;C:\Users\Sebastian\.m2\repository\org\glassfish\jaxb\jaxb-runtime\4.0.5\jaxb-runtime-4.0.5.jar;C:\Users\Sebastian\.m2\repository\org\glassfish\jaxb\jaxb-core\4.0.5\jaxb-core-4.0.5.jar;C:\Users\Sebastian\.m2\repository\org\glassfish\jaxb\txw2\4.0.5\txw2-4.0.5.jar;C:\Users\Sebastian\.m2\repository\com\sun\istack\istack-commons-runtime\4.1.2\istack-commons-runtime-4.1.2.jar;C:\Users\Sebastian\.m2\repository\jakarta\inject\jakarta.inject-api\2.0.1\jakarta.inject-api-2.0.1.jar;C:\Users\Sebastian\.m2\repository\org\antlr\antlr4-runtime\4.13.0\antlr4-runtime-4.13.0.jar;C:\Users\Sebastian\.m2\repository\org\springframework\data\spring-data-jpa\3.2.5\spring-data-jpa-3.2.5.jar;C:\Users\Sebastian\.m2\repository\org\springframework\data\spring-data-commons\3.2.5\spring-data-commons-3.2.5.jar;C:\Users\Sebastian\.m2\repository\org\springframework\spring-orm\6.1.6\spring-orm-6.1.6.jar;C:\Users\Sebastian\.m2\repository\org\springframework\spring-context\6.1.6\spring-context-6.1.6.jar;C:\Users\Sebastian\.m2\repository\org\springframework\spring-tx\6.1.6\spring-tx-6.1.6.jar;C:\Users\Sebastian\.m2\repository\org\springframework\spring-beans\6.1.6\spring-beans-6.1.6.jar;C:\Users\Sebastian\.m2\repository\jakarta\annotation\jakarta.annotation-api\2.1.1\jakarta.annotation-api-2.1.1.jar;C:\Users\Sebastian\.m2\repository\org\springframework\spring-aspects\6.1.6\spring-aspects-6.1.6.jar;C:\Users\Sebastian\.m2\repository\org\springframework\boot\spring-boot-starter-web\3.2.5\spring-boot-starter-web-3.2.5.jar;C:\Users\Sebastian\.m2\repository\org\springframework\boot\spring-boot-starter\3.2.5\spring-boot-starter-3.2.5.jar;C:\Users\Sebastian\.m2\repository\org\springframework\boot\spring-boot-starter-logging\3.2.5\spring-boot-starter-logging-3.2.5.jar;C:\Users\Sebastian\.m2\repository\ch\qos\logback\logback-classic\1.4.14\logback-classic-1.4.14.jar;C:\Users\Sebastian\.m2\repository\ch\qos\logback\logback-core\1.4.14\logback-core-1.4.14.jar;C:\Users\Sebastian\.m2\repository\org\apache\logging\log4j\log4j-to-slf4j\2.21.1\log4j-to-slf4j-2.21.1.jar;C:\Users\Sebastian\.m2\repository\org\apache\logging\log4j\log4j-api\2.21.1\log4j-api-2.21.1.jar;C:\Users\Sebastian\.m2\repository\org\slf4j\jul-to-slf4j\2.0.13\jul-to-slf4j-2.0.13.jar;C:\Users\Sebastian\.m2\repository\org\yaml\snakeyaml\2.2\snakeyaml-2.2.jar;C:\Users\Sebastian\.m2\repository\org\springframework\boot\spring-boot-starter-json\3.2.5\spring-boot-starter-json-3.2.5.jar;C:\Users\Sebastian\.m2\repository\com\fasterxml\jackson\core\jackson-databind\2.15.4\jackson-databind-2.15.4.jar;C:\Users\Sebastian\.m2\repository\com\fasterxml\jackson\core\jackson-core\2.15.4\jackson-core-2.15.4.jar;C:\Users\Sebastian\.m2\repository\com\fasterxml\jackson\datatype\jackson-datatype-jdk8\2.15.4\jackson-datatype-jdk8-2.15.4.jar;C:\Users\Sebastian\.m2\repository\com\fasterxml\jackson\datatype\jackson-datatype-jsr310\2.15.4\jackson-datatype-jsr310-2.15.4.jar;C:\Users\Sebastian\.m2\repository\com\fasterxml\jackson\module\jackson-module-parameter-names\2.15.4\jackson-module-parameter-names-2.15.4.jar;C:\Users\Sebastian\.m2\repository\org\springframework\boot\spring-boot-starter-tomcat\3.2.5\spring-boot-starter-tomcat-3.2.5.jar;C:\Users\Sebastian\.m2\repository\org\apache\tomcat\embed\tomcat-embed-core\10.1.20\tomcat-embed-core-10.1.20.jar;C:\Users\Sebastian\.m2\repository\org\apache\tomcat\embed\tomcat-embed-websocket\10.1.20\tomcat-embed-websocket-10.1.20.jar;C:\Users\Sebastian\.m2\repository\org\springframework\spring-web\6.1.6\spring-web-6.1.6.jar;C:\Users\Sebastian\.m2\repository\io\micrometer\micrometer-observation\1.12.5\micrometer-observation-1.12.5.jar;C:\Users\Sebastian\.m2\repository\io\micrometer\micrometer-commons\1.12.5\micrometer-commons-1.12.5.jar;C:\Users\Sebastian\.m2\repository\org\springframework\spring-webmvc\6.1.6\spring-webmvc-6.1.6.jar;C:\Users\Sebastian\.m2\repository\org\springframework\spring-expression\6.1.6\spring-expression-6.1.6.jar;C:\Users\Sebastian\.m2\repository\io\springfox\springfox-swagger2\3.0.0\springfox-swagger2-3.0.0.jar;C:\Users\Sebastian\.m2\repository\io\springfox\springfox-spi\3.0.0\springfox-spi-3.0.0.jar;C:\Users\Sebastian\.m2\repository\io\springfox\springfox-core\3.0.0\springfox-core-3.0.0.jar;C:\Users\Sebastian\.m2\repository\io\springfox\springfox-schema\3.0.0\springfox-schema-3.0.0.jar;C:\Users\Sebastian\.m2\repository\io\springfox\springfox-swagger-common\3.0.0\springfox-swagger-common-3.0.0.jar;C:\Users\Sebastian\.m2\repository\io\swagger\core\v3\swagger-annotations\2.1.2\swagger-annotations-2.1.2.jar;C:\Users\Sebastian\.m2\repository\io\springfox\springfox-spring-web\3.0.0\springfox-spring-web-3.0.0.jar;C:\Users\Sebastian\.m2\repository\io\github\classgraph\classgraph\4.8.83\classgraph-4.8.83.jar;C:\Users\Sebastian\.m2\repository\io\springfox\springfox-spring-webmvc\3.0.0\springfox-spring-webmvc-3.0.0.jar;C:\Users\Sebastian\.m2\repository\io\springfox\springfox-spring-webflux\3.0.0\springfox-spring-webflux-3.0.0.jar;C:\Users\Sebastian\.m2\repository\com\fasterxml\classmate\1.6.0\classmate-1.6.0.jar;C:\Users\Sebastian\.m2\repository\org\slf4j\slf4j-api\2.0.13\slf4j-api-2.0.13.jar;C:\Users\Sebastian\.m2\repository\org\springframework\plugin\spring-plugin-core\2.0.0.RELEASE\spring-plugin-core-2.0.0.RELEASE.jar;C:\Users\Sebastian\.m2\repository\org\springframework\plugin\spring-plugin-metadata\2.0.0.RELEASE\spring-plugin-metadata-2.0.0.RELEASE.jar;C:\Users\Sebastian\.m2\repository\io\swagger\swagger-annotations\1.5.20\swagger-annotations-1.5.20.jar;C:\Users\Sebastian\.m2\repository\io\swagger\swagger-models\1.5.20\swagger-models-1.5.20.jar;C:\Users\Sebastian\.m2\repository\com\fasterxml\jackson\core\jackson-annotations\2.15.4\jackson-annotations-2.15.4.jar;C:\Users\Sebastian\.m2\repository\org\mapstruct\mapstruct\1.3.1.Final\mapstruct-1.3.1.Final.jar;C:\Users\Sebastian\.m2\repository\io\springfox\springfox-swagger-ui\3.0.0\springfox-swagger-ui-3.0.0.jar;C:\Users\Sebastian\.m2\repository\org\springdoc\springdoc-openapi-starter-webmvc-ui\2.2.0\springdoc-openapi-starter-webmvc-ui-2.2.0.jar;C:\Users\Sebastian\.m2\repository\org\springdoc\springdoc-openapi-starter-webmvc-api\2.2.0\springdoc-openapi-starter-webmvc-api-2.2.0.jar;C:\Users\Sebastian\.m2\repository\org\springdoc\springdoc-openapi-starter-common\2.2.0\springdoc-openapi-starter-common-2.2.0.jar;C:\Users\Sebastian\.m2\repository\io\swagger\core\v3\swagger-core-jakarta\2.2.15\swagger-core-jakarta-2.2.15.jar;C:\Users\Sebastian\.m2\repository\org\apache\commons\commons-lang3\3.13.0\commons-lang3-3.13.0.jar;C:\Users\Sebastian\.m2\repository\io\swagger\core\v3\swagger-annotations-jakarta\2.2.15\swagger-annotations-jakarta-2.2.15.jar;C:\Users\Sebastian\.m2\repository\io\swagger\core\v3\swagger-models-jakarta\2.2.15\swagger-models-jakarta-2.2.15.jar;C:\Users\Sebastian\.m2\repository\com\fasterxml\jackson\dataformat\jackson-dataformat-yaml\2.15.4\jackson-dataformat-yaml-2.15.4.jar;C:\Users\Sebastian\.m2\repository\org\webjars\swagger-ui\5.2.0\swagger-ui-5.2.0.jar;C:\Users\Sebastian\.m2\repository\org\springframework\boot\spring-boot-starter-validation\3.2.5\spring-boot-starter-validation-3.2.5.jar;C:\Users\Sebastian\.m2\repository\org\apache\tomcat\embed\tomcat-embed-el\10.1.20\tomcat-embed-el-10.1.20.jar;C:\Users\Sebastian\.m2\repository\org\hibernate\validator\hibernate-validator\8.0.1.Final\hibernate-validator-8.0.1.Final.jar;C:\Users\Sebastian\.m2\repository\jakarta\validation\jakarta.validation-api\3.0.2\jakarta.validation-api-3.0.2.jar;C:\Users\Sebastian\.m2\repository\org\springframework\boot\spring-boot-devtools\3.2.5\spring-boot-devtools-3.2.5.jar;C:\Users\Sebastian\.m2\repository\org\springframework\boot\spring-boot\3.2.5\spring-boot-3.2.5.jar;C:\Users\Sebastian\.m2\repository\org\springframework\boot\spring-boot-autoconfigure\3.2.5\spring-boot-autoconfigure-3.2.5.jar;C:\Users\Sebastian\.m2\repository\com\mysql\mysql-connector-j\8.3.0\mysql-connector-j-8.3.0.jar;C:\Users\Sebastian\.m2\repository\org\projectlombok\lombok\1.18.32\lombok-1.18.32.jar;C:\Users\Sebastian\.m2\repository\jakarta\xml\bind\jakarta.xml.bind-api\4.0.2\jakarta.xml.bind-api-4.0.2.jar;C:\Users\Sebastian\.m2\repository\jakarta\activation\jakarta.activation-api\2.1.3\jakarta.activation-api-2.1.3.jar;C:\Users\Sebastian\.m2\repository\org\springframework\spring-core\6.1.6\spring-core-6.1.6.jar;C:\Users\Sebastian\.m2\repository\org\springframework\spring-jcl\6.1.6\spring-jcl-6.1.6.jar;C:\Users\Sebastian\.m2\repository\org\springframework\boot\spring-boot-starter-mail\3.2.5\spring-boot-starter-mail-3.2.5.jar;C:\Users\Sebastian\.m2\repository\org\springframework\spring-context-support\6.1.6\spring-context-support-6.1.6.jar;C:\Users\Sebastian\.m2\repository\org\eclipse\angus\jakarta.mail\2.0.3\jakarta.mail-2.0.3.jar;C:\Users\Sebastian\.m2\repository\org\eclipse\angus\angus-activation\2.0.2\angus-activation-2.0.2.jar
Launcher Type: SUN_STANDARD

[Global flags]
     intx CICompilerCount                          = 4                                         {product} {ergonomic}
     uint ConcGCThreads                            = 2                                         {product} {ergonomic}
     uint G1ConcRefinementThreads                  = 8                                         {product} {ergonomic}
   size_t G1HeapRegionSize                         = 2097152                                   {product} {ergonomic}
    uintx GCDrainStackTargetSize                   = 64                                        {product} {ergonomic}
   size_t InitialHeapSize                          = 264241152                                 {product} {ergonomic}
     bool ManagementServer                         = true                                      {product} {command line}
   size_t MarkStackSize                            = 4194304                                   {product} {ergonomic}
   size_t MaxHeapSize                              = 4202692608                                {product} {ergonomic}
   size_t MaxNewSize                               = 2520776704                                {product} {ergonomic}
   size_t MinHeapDeltaBytes                        = 2097152                                   {product} {ergonomic}
   size_t MinHeapSize                              = 8388608                                   {product} {ergonomic}
    uintx NonNMethodCodeHeapSize                   = 4096                                   {pd product} {ergonomic}
    uintx NonProfiledCodeHeapSize                  = 0                                      {pd product} {ergonomic}
     bool ProfileInterpreter                       = false                                  {pd product} {command line}
    uintx ProfiledCodeHeapSize                     = 0                                      {pd product} {ergonomic}
   size_t SoftMaxHeapSize                          = 4202692608                             {manageable} {ergonomic}
     intx TieredStopAtLevel                        = 1                                         {product} {command line}
     bool UseCompressedOops                        = true                           {product lp64_product} {ergonomic}
     bool UseG1GC                                  = true                                      {product} {ergonomic}
     bool UseLargePagesIndividualAllocation        = false                                  {pd product} {ergonomic}

Logging:
Log output configuration:
 #0: stdout all=warning uptime,level,tags foldmultilines=false
 #1: stderr all=off uptime,level,tags foldmultilines=false

Environment Variables:
JAVA_HOME=C:\Program Files\Java\jdk-19
PATH=C:\Python311\Scripts\;C:\Python311\;C:\windows\system32;C:\windows;C:\windows\System32\Wbem;C:\windows\System32\WindowsPowerShell\v1.0\;C:\windows\System32\OpenSSH\;C:\Program Files\dotnet\;C:\Program Files\Microchip\xc8\v2.36\bin;C:\Program Files\Git\cmd;C:\Program Files\Docker\Docker\resources\bin;C:\Program Files\nodejs\;C:\ProgramData\chocolatey\bin;C:\Program Files (x86)\OpenVPN\bin;C:\Users\Sebastian\AppData\Local\Programs\Python\Python310\Scripts\;C:\Users\Sebastian\AppData\Local\Programs\Python\Python310\;C:\Users\Sebastian\AppData\Local\Microsoft\WindowsApps;C:\Users\Sebastian\AppData\Local\Programs\Microsoft VS Code\bin;C:\Users\Sebastian\.dotnet\tools;C:\Users\Sebastian\AppData\Local\GitHubDesktop\bin;C:\Program Files\Java\jdk-19\bin;C:\Users\Sebastian\AppData\Roaming\npm
USERNAME=Sebastian
OS=Windows_NT
PROCESSOR_IDENTIFIER=Intel64 Family 6 Model 140 Stepping 1, GenuineIntel
TMP=C:\Users\SEBAST~1\AppData\Local\Temp
TEMP=C:\Users\SEBAST~1\AppData\Local\Temp




Periodic native trim disabled

---------------  S Y S T E M  ---------------

OS:
 Windows 10 , 64 bit Build 19041 (10.0.19041.3636)
OS uptime: 0 days 1:34 hours
Hyper-V role detected

CPU: total 8 (initial active 8) (4 cores per cpu, 2 threads per core) family 6 model 140 stepping 1 microcode 0x8a, cx8, cmov, fxsr, ht, mmx, 3dnowpref, sse, sse2, sse3, ssse3, sse4.1, sse4.2, popcnt, lzcnt, tsc, tscinvbit, avx, avx2, aes, erms, clmul, bmi1, bmi2, adx, avx512f, avx512dq, avx512cd, avx512bw, avx512vl, sha, fma, vzeroupper, avx512_vpopcntdq, avx512_vpclmulqdq, avx512_vaes, avx512_vnni, clflush, clflushopt, clwb, avx512_vbmi2, avx512_vbmi, hv, rdtscp, rdpid, fsrm, gfni, avx512_bitalg, f16c, cet_ibt, cet_ss, avx512_ifma
Processor Information for processor 0
  Max Mhz: 2419, Current Mhz: 907, Mhz Limit: 2419
Processor Information for processor 1
  Max Mhz: 2419, Current Mhz: 2419, Mhz Limit: 2419
Processor Information for processor 2
  Max Mhz: 2419, Current Mhz: 2419, Mhz Limit: 2419
Processor Information for processor 3
  Max Mhz: 2419, Current Mhz: 907, Mhz Limit: 2419
Processor Information for processor 4
  Max Mhz: 2419, Current Mhz: 2419, Mhz Limit: 2419
Processor Information for processor 5
  Max Mhz: 2419, Current Mhz: 907, Mhz Limit: 2419
Processor Information for processor 6
  Max Mhz: 2419, Current Mhz: 907, Mhz Limit: 2419
Processor Information for processor 7
  Max Mhz: 2419, Current Mhz: 2419, Mhz Limit: 2419

Memory: 4k page, system-wide physical 16026M (311M free)
TotalPageFile size 38504M (AvailPageFile size 0M)
current process WorkingSet (physical memory assigned to process): 84M, peak: 84M
current process commit charge ("private bytes"): 353M, peak: 353M

vm_info: OpenJDK 64-Bit Server VM (21.0.2+13-58) for windows-amd64 JRE (21.0.2+13-58), built on 2024-01-05T18:32:24Z by "mach5one" with MS VC++ 17.1 (VS2022)

END.
